<?xml version="1.0" encoding="UTF-8"?>
<testsuite xmlns:xsi="http://www.w3.org/2001/XMLSchema-instance" xsi:noNamespaceSchemaLocation="https://maven.apache.org/surefire/maven-surefire-plugin/xsd/surefire-test-report.xsd" name="com.miaoshaproject.AppTest" time="0.031" tests="1" errors="0" skipped="0" failures="0">
  <properties>
    <property name="sun.desktop" value="windows"/>
    <property name="awt.toolkit" value="sun.awt.windows.WToolkit"/>
    <property name="file.encoding.pkg" value="sun.io"/>
    <property name="java.specification.version" value="1.8"/>
    <property name="sun.cpu.isalist" value="amd64"/>
    <property name="sun.jnu.encoding" value="GBK"/>
    <property name="java.class.path" value="D:\projects\miaosha\target\test-classes;D:\projects\miaosha\target\classes;E:\apache-maven-3.5.4-bin\MavenRepository\joda-time\joda-time\2.9.1\joda-time-2.9.1.jar;E:\apache-maven-3.5.4-bin\MavenRepository\junit\junit\4.11\junit-4.11.jar;E:\apache-maven-3.5.4-bin\MavenRepository\org\hamcrest\hamcrest-core\2.1\hamcrest-core-2.1.jar;E:\apache-maven-3.5.4-bin\MavenRepository\org\hamcrest\hamcrest\2.1\hamcrest-2.1.jar;E:\apache-maven-3.5.4-bin\MavenRepository\mysql\mysql-connector-java\5.1.37\mysql-connector-java-5.1.37.jar;E:\apache-maven-3.5.4-bin\MavenRepository\com\alibaba\druid\1.1.3\druid-1.1.3.jar;E:\Java\jdk1.8.0_171\jre\..\lib\jconsole.jar;E:\Java\jdk1.8.0_171\jre\..\lib\tools.jar;E:\apache-maven-3.5.4-bin\MavenRepository\org\springframework\boot\spring-boot-starter-web\2.2.6.RELEASE\spring-boot-starter-web-2.2.6.RELEASE.jar;E:\apache-maven-3.5.4-bin\MavenRepository\org\springframework\boot\spring-boot-starter\2.2.6.RELEASE\spring-boot-starter-2.2.6.RELEASE.jar;E:\apache-maven-3.5.4-bin\MavenRepository\org\springframework\boot\spring-boot\2.2.6.RELEASE\spring-boot-2.2.6.RELEASE.jar;E:\apache-maven-3.5.4-bin\MavenRepository\org\springframework\boot\spring-boot-autoconfigure\2.2.6.RELEASE\spring-boot-autoconfigure-2.2.6.RELEASE.jar;E:\apache-maven-3.5.4-bin\MavenRepository\org\springframework\boot\spring-boot-starter-logging\2.2.6.RELEASE\spring-boot-starter-logging-2.2.6.RELEASE.jar;E:\apache-maven-3.5.4-bin\MavenRepository\ch\qos\logback\logback-classic\1.2.3\logback-classic-1.2.3.jar;E:\apache-maven-3.5.4-bin\MavenRepository\ch\qos\logback\logback-core\1.2.3\logback-core-1.2.3.jar;E:\apache-maven-3.5.4-bin\MavenRepository\org\apache\logging\log4j\log4j-to-slf4j\2.12.1\log4j-to-slf4j-2.12.1.jar;E:\apache-maven-3.5.4-bin\MavenRepository\org\apache\logging\log4j\log4j-api\2.12.1\log4j-api-2.12.1.jar;E:\apache-maven-3.5.4-bin\MavenRepository\org\slf4j\jul-to-slf4j\1.7.30\jul-to-slf4j-1.7.30.jar;E:\apache-maven-3.5.4-bin\MavenRepository\jakarta\annotation\jakarta.annotation-api\1.3.5\jakarta.annotation-api-1.3.5.jar;E:\apache-maven-3.5.4-bin\MavenRepository\org\springframework\spring-core\5.2.5.RELEASE\spring-core-5.2.5.RELEASE.jar;E:\apache-maven-3.5.4-bin\MavenRepository\org\springframework\spring-jcl\5.2.5.RELEASE\spring-jcl-5.2.5.RELEASE.jar;E:\apache-maven-3.5.4-bin\MavenRepository\org\yaml\snakeyaml\1.25\snakeyaml-1.25.jar;E:\apache-maven-3.5.4-bin\MavenRepository\org\springframework\boot\spring-boot-starter-json\2.2.6.RELEASE\spring-boot-starter-json-2.2.6.RELEASE.jar;E:\apache-maven-3.5.4-bin\MavenRepository\com\fasterxml\jackson\core\jackson-databind\2.10.3\jackson-databind-2.10.3.jar;E:\apache-maven-3.5.4-bin\MavenRepository\com\fasterxml\jackson\core\jackson-annotations\2.10.3\jackson-annotations-2.10.3.jar;E:\apache-maven-3.5.4-bin\MavenRepository\com\fasterxml\jackson\core\jackson-core\2.10.3\jackson-core-2.10.3.jar;E:\apache-maven-3.5.4-bin\MavenRepository\com\fasterxml\jackson\datatype\jackson-datatype-jdk8\2.10.3\jackson-datatype-jdk8-2.10.3.jar;E:\apache-maven-3.5.4-bin\MavenRepository\com\fasterxml\jackson\datatype\jackson-datatype-jsr310\2.10.3\jackson-datatype-jsr310-2.10.3.jar;E:\apache-maven-3.5.4-bin\MavenRepository\com\fasterxml\jackson\module\jackson-module-parameter-names\2.10.3\jackson-module-parameter-names-2.10.3.jar;E:\apache-maven-3.5.4-bin\MavenRepository\org\springframework\boot\spring-boot-starter-tomcat\2.2.6.RELEASE\spring-boot-starter-tomcat-2.2.6.RELEASE.jar;E:\apache-maven-3.5.4-bin\MavenRepository\org\apache\tomcat\embed\tomcat-embed-core\9.0.33\tomcat-embed-core-9.0.33.jar;E:\apache-maven-3.5.4-bin\MavenRepository\org\apache\tomcat\embed\tomcat-embed-el\9.0.33\tomcat-embed-el-9.0.33.jar;E:\apache-maven-3.5.4-bin\MavenRepository\org\apache\tomcat\embed\tomcat-embed-websocket\9.0.33\tomcat-embed-websocket-9.0.33.jar;E:\apache-maven-3.5.4-bin\MavenRepository\org\springframework\boot\spring-boot-starter-validation\2.2.6.RELEASE\spring-boot-starter-validation-2.2.6.RELEASE.jar;E:\apache-maven-3.5.4-bin\MavenRepository\jakarta\validation\jakarta.validation-api\2.0.2\jakarta.validation-api-2.0.2.jar;E:\apache-maven-3.5.4-bin\MavenRepository\org\hibernate\validator\hibernate-validator\6.0.18.Final\hibernate-validator-6.0.18.Final.jar;E:\apache-maven-3.5.4-bin\MavenRepository\org\jboss\logging\jboss-logging\3.4.1.Final\jboss-logging-3.4.1.Final.jar;E:\apache-maven-3.5.4-bin\MavenRepository\com\fasterxml\classmate\1.5.1\classmate-1.5.1.jar;E:\apache-maven-3.5.4-bin\MavenRepository\org\springframework\spring-web\5.2.5.RELEASE\spring-web-5.2.5.RELEASE.jar;E:\apache-maven-3.5.4-bin\MavenRepository\org\springframework\spring-beans\5.2.5.RELEASE\spring-beans-5.2.5.RELEASE.jar;E:\apache-maven-3.5.4-bin\MavenRepository\org\springframework\spring-webmvc\5.2.5.RELEASE\spring-webmvc-5.2.5.RELEASE.jar;E:\apache-maven-3.5.4-bin\MavenRepository\org\springframework\spring-aop\5.2.5.RELEASE\spring-aop-5.2.5.RELEASE.jar;E:\apache-maven-3.5.4-bin\MavenRepository\org\springframework\spring-context\5.2.5.RELEASE\spring-context-5.2.5.RELEASE.jar;E:\apache-maven-3.5.4-bin\MavenRepository\org\springframework\spring-expression\5.2.5.RELEASE\spring-expression-5.2.5.RELEASE.jar;E:\apache-maven-3.5.4-bin\MavenRepository\org\mybatis\spring\boot\mybatis-spring-boot-starter\1.3.1\mybatis-spring-boot-starter-1.3.1.jar;E:\apache-maven-3.5.4-bin\MavenRepository\org\springframework\boot\spring-boot-starter-jdbc\2.2.6.RELEASE\spring-boot-starter-jdbc-2.2.6.RELEASE.jar;E:\apache-maven-3.5.4-bin\MavenRepository\com\zaxxer\HikariCP\3.4.2\HikariCP-3.4.2.jar;E:\apache-maven-3.5.4-bin\MavenRepository\org\slf4j\slf4j-api\1.7.30\slf4j-api-1.7.30.jar;E:\apache-maven-3.5.4-bin\MavenRepository\org\springframework\spring-jdbc\5.2.5.RELEASE\spring-jdbc-5.2.5.RELEASE.jar;E:\apache-maven-3.5.4-bin\MavenRepository\org\springframework\spring-tx\5.2.5.RELEASE\spring-tx-5.2.5.RELEASE.jar;E:\apache-maven-3.5.4-bin\MavenRepository\org\mybatis\spring\boot\mybatis-spring-boot-autoconfigure\1.3.1\mybatis-spring-boot-autoconfigure-1.3.1.jar;E:\apache-maven-3.5.4-bin\MavenRepository\org\mybatis\mybatis\3.4.5\mybatis-3.4.5.jar;E:\apache-maven-3.5.4-bin\MavenRepository\org\mybatis\mybatis-spring\1.3.1\mybatis-spring-1.3.1.jar;E:\apache-maven-3.5.4-bin\MavenRepository\org\apache\commons\commons-lang3\3.7\commons-lang3-3.7.jar;"/>
    <property name="java.vm.vendor" value="Oracle Corporation"/>
    <property name="sun.arch.data.model" value="64"/>
    <property name="user.variant" value=""/>
    <property name="java.vendor.url" value="http://java.oracle.com/"/>
    <property name="user.timezone" value="Asia/Shanghai"/>
    <property name="java.vm.specification.version" value="1.8"/>
    <property name="os.name" value="Windows 10"/>
    <property name="user.country" value="CN"/>
    <property name="sun.java.launcher" value="SUN_STANDARD"/>
    <property name="sun.boot.library.path" value="E:\Java\jdk1.8.0_171\jre\bin"/>
    <property name="sun.java.command" value="C:\Users\39472\AppData\Local\Temp\surefire243818560504622252\surefirebooter5319897380318015639.jar C:\Users\39472\AppData\Local\Temp\surefire243818560504622252 2020-05-07T21-22-43_926-jvmRun1 surefire3130966176137857094tmp surefire_03375184008267348359tmp"/>
    <property name="surefire.test.class.path" value="D:\projects\miaosha\target\test-classes;D:\projects\miaosha\target\classes;E:\apache-maven-3.5.4-bin\MavenRepository\joda-time\joda-time\2.9.1\joda-time-2.9.1.jar;E:\apache-maven-3.5.4-bin\MavenRepository\junit\junit\4.11\junit-4.11.jar;E:\apache-maven-3.5.4-bin\MavenRepository\org\hamcrest\hamcrest-core\2.1\hamcrest-core-2.1.jar;E:\apache-maven-3.5.4-bin\MavenRepository\org\hamcrest\hamcrest\2.1\hamcrest-2.1.jar;E:\apache-maven-3.5.4-bin\MavenRepository\mysql\mysql-connector-java\5.1.37\mysql-connector-java-5.1.37.jar;E:\apache-maven-3.5.4-bin\MavenRepository\com\alibaba\druid\1.1.3\druid-1.1.3.jar;E:\Java\jdk1.8.0_171\jre\..\lib\jconsole.jar;E:\Java\jdk1.8.0_171\jre\..\lib\tools.jar;E:\apache-maven-3.5.4-bin\MavenRepository\org\springframework\boot\spring-boot-starter-web\2.2.6.RELEASE\spring-boot-starter-web-2.2.6.RELEASE.jar;E:\apache-maven-3.5.4-bin\MavenRepository\org\springframework\boot\spring-boot-starter\2.2.6.RELEASE\spring-boot-starter-2.2.6.RELEASE.jar;E:\apache-maven-3.5.4-bin\MavenRepository\org\springframework\boot\spring-boot\2.2.6.RELEASE\spring-boot-2.2.6.RELEASE.jar;E:\apache-maven-3.5.4-bin\MavenRepository\org\springframework\boot\spring-boot-autoconfigure\2.2.6.RELEASE\spring-boot-autoconfigure-2.2.6.RELEASE.jar;E:\apache-maven-3.5.4-bin\MavenRepository\org\springframework\boot\spring-boot-starter-logging\2.2.6.RELEASE\spring-boot-starter-logging-2.2.6.RELEASE.jar;E:\apache-maven-3.5.4-bin\MavenRepository\ch\qos\logback\logback-classic\1.2.3\logback-classic-1.2.3.jar;E:\apache-maven-3.5.4-bin\MavenRepository\ch\qos\logback\logback-core\1.2.3\logback-core-1.2.3.jar;E:\apache-maven-3.5.4-bin\MavenRepository\org\apache\logging\log4j\log4j-to-slf4j\2.12.1\log4j-to-slf4j-2.12.1.jar;E:\apache-maven-3.5.4-bin\MavenRepository\org\apache\logging\log4j\log4j-api\2.12.1\log4j-api-2.12.1.jar;E:\apache-maven-3.5.4-bin\MavenRepository\org\slf4j\jul-to-slf4j\1.7.30\jul-to-slf4j-1.7.30.jar;E:\apache-maven-3.5.4-bin\MavenRepository\jakarta\annotation\jakarta.annotation-api\1.3.5\jakarta.annotation-api-1.3.5.jar;E:\apache-maven-3.5.4-bin\MavenRepository\org\springframework\spring-core\5.2.5.RELEASE\spring-core-5.2.5.RELEASE.jar;E:\apache-maven-3.5.4-bin\MavenRepository\org\springframework\spring-jcl\5.2.5.RELEASE\spring-jcl-5.2.5.RELEASE.jar;E:\apache-maven-3.5.4-bin\MavenRepository\org\yaml\snakeyaml\1.25\snakeyaml-1.25.jar;E:\apache-maven-3.5.4-bin\MavenRepository\org\springframework\boot\spring-boot-starter-json\2.2.6.RELEASE\spring-boot-starter-json-2.2.6.RELEASE.jar;E:\apache-maven-3.5.4-bin\MavenRepository\com\fasterxml\jackson\core\jackson-databind\2.10.3\jackson-databind-2.10.3.jar;E:\apache-maven-3.5.4-bin\MavenRepository\com\fasterxml\jackson\core\jackson-annotations\2.10.3\jackson-annotations-2.10.3.jar;E:\apache-maven-3.5.4-bin\MavenRepository\com\fasterxml\jackson\core\jackson-core\2.10.3\jackson-core-2.10.3.jar;E:\apache-maven-3.5.4-bin\MavenRepository\com\fasterxml\jackson\datatype\jackson-datatype-jdk8\2.10.3\jackson-datatype-jdk8-2.10.3.jar;E:\apache-maven-3.5.4-bin\MavenRepository\com\fasterxml\jackson\datatype\jackson-datatype-jsr310\2.10.3\jackson-datatype-jsr310-2.10.3.jar;E:\apache-maven-3.5.4-bin\MavenRepository\com\fasterxml\jackson\module\jackson-module-parameter-names\2.10.3\jackson-module-parameter-names-2.10.3.jar;E:\apache-maven-3.5.4-bin\MavenRepository\org\springframework\boot\spring-boot-starter-tomcat\2.2.6.RELEASE\spring-boot-starter-tomcat-2.2.6.RELEASE.jar;E:\apache-maven-3.5.4-bin\MavenRepository\org\apache\tomcat\embed\tomcat-embed-core\9.0.33\tomcat-embed-core-9.0.33.jar;E:\apache-maven-3.5.4-bin\MavenRepository\org\apache\tomcat\embed\tomcat-embed-el\9.0.33\tomcat-embed-el-9.0.33.jar;E:\apache-maven-3.5.4-bin\MavenRepository\org\apache\tomcat\embed\tomcat-embed-websocket\9.0.33\tomcat-embed-websocket-9.0.33.jar;E:\apache-maven-3.5.4-bin\MavenRepository\org\springframework\boot\spring-boot-starter-validation\2.2.6.RELEASE\spring-boot-starter-validation-2.2.6.RELEASE.jar;E:\apache-maven-3.5.4-bin\MavenRepository\jakarta\validation\jakarta.validation-api\2.0.2\jakarta.validation-api-2.0.2.jar;E:\apache-maven-3.5.4-bin\MavenRepository\org\hibernate\validator\hibernate-validator\6.0.18.Final\hibernate-validator-6.0.18.Final.jar;E:\apache-maven-3.5.4-bin\MavenRepository\org\jboss\logging\jboss-logging\3.4.1.Final\jboss-logging-3.4.1.Final.jar;E:\apache-maven-3.5.4-bin\MavenRepository\com\fasterxml\classmate\1.5.1\classmate-1.5.1.jar;E:\apache-maven-3.5.4-bin\MavenRepository\org\springframework\spring-web\5.2.5.RELEASE\spring-web-5.2.5.RELEASE.jar;E:\apache-maven-3.5.4-bin\MavenRepository\org\springframework\spring-beans\5.2.5.RELEASE\spring-beans-5.2.5.RELEASE.jar;E:\apache-maven-3.5.4-bin\MavenRepository\org\springframework\spring-webmvc\5.2.5.RELEASE\spring-webmvc-5.2.5.RELEASE.jar;E:\apache-maven-3.5.4-bin\MavenRepository\org\springframework\spring-aop\5.2.5.RELEASE\spring-aop-5.2.5.RELEASE.jar;E:\apache-maven-3.5.4-bin\MavenRepository\org\springframework\spring-context\5.2.5.RELEASE\spring-context-5.2.5.RELEASE.jar;E:\apache-maven-3.5.4-bin\MavenRepository\org\springframework\spring-expression\5.2.5.RELEASE\spring-expression-5.2.5.RELEASE.jar;E:\apache-maven-3.5.4-bin\MavenRepository\org\mybatis\spring\boot\mybatis-spring-boot-starter\1.3.1\mybatis-spring-boot-starter-1.3.1.jar;E:\apache-maven-3.5.4-bin\MavenRepository\org\springframework\boot\spring-boot-starter-jdbc\2.2.6.RELEASE\spring-boot-starter-jdbc-2.2.6.RELEASE.jar;E:\apache-maven-3.5.4-bin\MavenRepository\com\zaxxer\HikariCP\3.4.2\HikariCP-3.4.2.jar;E:\apache-maven-3.5.4-bin\MavenRepository\org\slf4j\slf4j-api\1.7.30\slf4j-api-1.7.30.jar;E:\apache-maven-3.5.4-bin\MavenRepository\org\springframework\spring-jdbc\5.2.5.RELEASE\spring-jdbc-5.2.5.RELEASE.jar;E:\apache-maven-3.5.4-bin\MavenRepository\org\springframework\spring-tx\5.2.5.RELEASE\spring-tx-5.2.5.RELEASE.jar;E:\apache-maven-3.5.4-bin\MavenRepository\org\mybatis\spring\boot\mybatis-spring-boot-autoconfigure\1.3.1\mybatis-spring-boot-autoconfigure-1.3.1.jar;E:\apache-maven-3.5.4-bin\MavenRepository\org\mybatis\mybatis\3.4.5\mybatis-3.4.5.jar;E:\apache-maven-3.5.4-bin\MavenRepository\org\mybatis\mybatis-spring\1.3.1\mybatis-spring-1.3.1.jar;E:\apache-maven-3.5.4-bin\MavenRepository\org\apache\commons\commons-lang3\3.7\commons-lang3-3.7.jar;"/>
    <property name="sun.cpu.endian" value="little"/>
    <property name="user.home" value="C:\Users\39472"/>
    <property name="user.language" value="zh"/>
    <property name="java.specification.vendor" value="Oracle Corporation"/>
    <property name="java.home" value="E:\Java\jdk1.8.0_171\jre"/>
    <property name="basedir" value="D:\projects\miaosha"/>
    <property name="file.separator" value="\"/>
    <property name="line.separator" value="&#10;"/>
    <property name="java.vm.specification.vendor" value="Oracle Corporation"/>
    <property name="java.specification.name" value="Java Platform API Specification"/>
    <property name="java.awt.graphicsenv" value="sun.awt.Win32GraphicsEnvironment"/>
    <property name="surefire.real.class.path" value="C:\Users\39472\AppData\Local\Temp\surefire243818560504622252\surefirebooter5319897380318015639.jar"/>
    <property name="sun.boot.class.path" value="E:\Java\jdk1.8.0_171\jre\lib\resources.jar;E:\Java\jdk1.8.0_171\jre\lib\rt.jar;E:\Java\jdk1.8.0_171\jre\lib\sunrsasign.jar;E:\Java\jdk1.8.0_171\jre\lib\jsse.jar;E:\Java\jdk1.8.0_171\jre\lib\jce.jar;E:\Java\jdk1.8.0_171\jre\lib\charsets.jar;E:\Java\jdk1.8.0_171\jre\lib\jfr.jar;E:\Java\jdk1.8.0_171\jre\classes"/>
    <property name="user.script" value=""/>
    <property name="sun.management.compiler" value="HotSpot 64-Bit Tiered Compilers"/>
    <property name="java.runtime.version" value="1.8.0_171-b11"/>
    <property name="user.name" value="39472"/>
    <property name="path.separator" value=";"/>
    <property name="os.version" value="10.0"/>
    <property name="java.endorsed.dirs" value="E:\Java\jdk1.8.0_171\jre\lib\endorsed"/>
    <property name="java.runtime.name" value="Java(TM) SE Runtime Environment"/>
    <property name="file.encoding" value="GBK"/>
    <property name="java.vm.name" value="Java HotSpot(TM) 64-Bit Server VM"/>
    <property name="localRepository" value="E:\apache-maven-3.5.4-bin\MavenRepository"/>
    <property name="java.vendor.url.bug" value="http://bugreport.sun.com/bugreport/"/>
    <property name="java.io.tmpdir" value="C:\Users\39472\AppData\Local\Temp\"/>
    <property name="idea.version" value="2018.2"/>
    <property name="java.version" value="1.8.0_171"/>
    <property name="user.dir" value="D:\projects\miaosha"/>
    <property name="os.arch" value="amd64"/>
    <property name="java.vm.specification.name" value="Java Virtual Machine Specification"/>
    <property name="java.awt.printerjob" value="sun.awt.windows.WPrinterJob"/>
    <property name="sun.os.patch.level" value=""/>
    <property name="java.library.path" value="E:\Java\jdk1.8.0_171\jre\bin;C:\WINDOWS\Sun\Java\bin;C:\WINDOWS\system32;C:\WINDOWS;E:\Program Files (x86)\NetSarang\Xshell 6\;E:\Program Files (x86)\NetSarang\Xftp 6\;E:\app\39472\product\11.2.0\client_1\bin;C:\Program Files (x86)\Common Files\Oracle\Java\javapath;C:\Program Files (x86)\Intel\iCLS Client\;C:\Program Files\Intel\iCLS Client\;C:\Windows\system32;C:\Windows;C:\Windows\System32\Wbem;C:\Windows\System32\WindowsPowerShell\v1.0\;C:\Program Files (x86)\NVIDIA Corporation\PhysX\Common;C:\Program Files (x86)\Intel\Intel(R) Management Engine Components\DAL;C:\Program Files\Intel\Intel(R) Management Engine Components\DAL;C:\Program Files (x86)\Intel\Intel(R) Management Engine Components\IPT;C:\Program Files\Intel\Intel(R) Management Engine Components\IPT;C:\WINDOWS\system32;C:\WINDOWS;C:\WINDOWS\System32\Wbem;C:\WINDOWS\System32\WindowsPowerShell\v1.0\;E:\Program Files\Git\cmd;E:\mysql\mysql-5.7.21-winx64\bin;E:\Java\jdk1.8.0_171\bin;C:\WINDOWS\System32\OpenSSH\;E:\Program Files (x86)\CodeBlocks\MinGW\bin;C:\Program Files\NVIDIA Corporation\NVIDIA NvDLISR;d:\cop\quartus\bin;E:\Program Files\nodejs\;E:\Program Files\MATLAB\R2018a\runtime\win64;E:\Program Files\MATLAB\R2018a\bin;E:\spark-2.4.4-bin-hadoop2.7\bin;E:\Program Files\bin;E:\Program Files (x86)\scala\bin;E:\hadoop-2.7.7\hadoop-2.7.7\bin;E:\spark-2.4.4-bin-hadoop2.7\bin;C:\WINDOWS\system32;C:\WINDOWS;C:\WINDOWS\System32\Wbem;C:\WINDOWS\System32\WindowsPowerShell\v1.0\;C:\WINDOWS\System32\OpenSSH\;E:\apache-maven-3.5.4-bin\apache-maven-3.5.4\bin;E:\Program Files\gradle-6.2.1\bin;C:\Users\39472\AppData\Local\Programs\Python\Python37\Scripts\;C:\Users\39472\AppData\Local\Programs\Python\Python37\;C:\Users\39472\AppData\Local\Microsoft\WindowsApps;C:\Users\39472\AppData\Roaming\npm;;."/>
    <property name="java.vm.info" value="mixed mode"/>
    <property name="java.vendor" value="Oracle Corporation"/>
    <property name="java.vm.version" value="25.171-b11"/>
    <property name="java.ext.dirs" value="E:\Java\jdk1.8.0_171\jre\lib\ext;C:\WINDOWS\Sun\Java\lib\ext"/>
    <property name="sun.io.unicode.encoding" value="UnicodeLittle"/>
    <property name="java.class.version" value="52.0"/>
  </properties>
  <testcase name="shouldAnswerWithTrue" classname="com.miaoshaproject.AppTest" time="0.001"/>
</testsuite>